{"C:\\Users\\mtapi\\Miguel\\University\\Cairn University\\Y4 - Senior\\1 - Spring\\Software Engineering\\Main Project\\controllers\\admin.js": {"path":"C:\\Users\\mtapi\\Miguel\\University\\Cairn University\\Y4 - Senior\\1 - Spring\\Software Engineering\\Main Project\\controllers\\admin.js","statementMap":{"0":{"start":{"line":2,"column":14},"end":{"line":2,"column":40}},"1":{"start":{"line":3,"column":13},"end":{"line":3,"column":38}},"2":{"start":{"line":4,"column":16},"end":{"line":4,"column":44}},"3":{"start":{"line":5,"column":15},"end":{"line":5,"column":42}},"4":{"start":{"line":8,"column":0},"end":{"line":13,"column":2}},"5":{"start":{"line":9,"column":4},"end":{"line":12,"column":7}},"6":{"start":{"line":16,"column":0},"end":{"line":21,"column":2}},"7":{"start":{"line":17,"column":4},"end":{"line":20,"column":7}},"8":{"start":{"line":24,"column":0},"end":{"line":47,"column":2}},"9":{"start":{"line":25,"column":22},"end":{"line":25,"column":44}},"10":{"start":{"line":26,"column":22},"end":{"line":26,"column":44}},"11":{"start":{"line":27,"column":22},"end":{"line":27,"column":44}},"12":{"start":{"line":28,"column":22},"end":{"line":28,"column":51}},"13":{"start":{"line":30,"column":18},"end":{"line":37,"column":6}},"14":{"start":{"line":39,"column":4},"end":{"line":46,"column":5}},"15":{"start":{"line":40,"column":8},"end":{"line":40,"column":27}},"16":{"start":{"line":41,"column":8},"end":{"line":41,"column":32}},"17":{"start":{"line":43,"column":22},"end":{"line":43,"column":36}},"18":{"start":{"line":44,"column":8},"end":{"line":44,"column":35}},"19":{"start":{"line":45,"column":8},"end":{"line":45,"column":20}},"20":{"start":{"line":50,"column":0},"end":{"line":63,"column":2}},"21":{"start":{"line":51,"column":4},"end":{"line":62,"column":5}},"22":{"start":{"line":52,"column":23},"end":{"line":52,"column":64}},"23":{"start":{"line":53,"column":8},"end":{"line":57,"column":11}},"24":{"start":{"line":59,"column":22},"end":{"line":59,"column":36}},"25":{"start":{"line":60,"column":8},"end":{"line":60,"column":35}},"26":{"start":{"line":61,"column":8},"end":{"line":61,"column":20}},"27":{"start":{"line":66,"column":0},"end":{"line":88,"column":2}},"28":{"start":{"line":67,"column":20},"end":{"line":67,"column":38}},"29":{"start":{"line":68,"column":17},"end":{"line":68,"column":32}},"30":{"start":{"line":70,"column":4},"end":{"line":87,"column":5}},"31":{"start":{"line":71,"column":22},"end":{"line":71,"column":51}},"32":{"start":{"line":73,"column":8},"end":{"line":75,"column":9}},"33":{"start":{"line":74,"column":12},"end":{"line":74,"column":37}},"34":{"start":{"line":77,"column":8},"end":{"line":77,"column":30}},"35":{"start":{"line":78,"column":8},"end":{"line":78,"column":27}},"36":{"start":{"line":80,"column":8},"end":{"line":80,"column":53}},"37":{"start":{"line":82,"column":8},"end":{"line":82,"column":26}},"38":{"start":{"line":83,"column":8},"end":{"line":85,"column":9}},"39":{"start":{"line":84,"column":12},"end":{"line":84,"column":33}},"40":{"start":{"line":86,"column":8},"end":{"line":86,"column":18}},"41":{"start":{"line":91,"column":0},"end":{"line":96,"column":2}},"42":{"start":{"line":92,"column":4},"end":{"line":95,"column":7}},"43":{"start":{"line":99,"column":0},"end":{"line":130,"column":2}},"44":{"start":{"line":100,"column":21},"end":{"line":100,"column":30}},"45":{"start":{"line":102,"column":4},"end":{"line":129,"column":5}},"46":{"start":{"line":103,"column":23},"end":{"line":103,"column":32}},"47":{"start":{"line":104,"column":23},"end":{"line":106,"column":9}},"48":{"start":{"line":108,"column":8},"end":{"line":108,"column":37}},"49":{"start":{"line":110,"column":20},"end":{"line":110,"column":22}},"50":{"start":{"line":112,"column":8},"end":{"line":114,"column":9}},"51":{"start":{"line":113,"column":12},"end":{"line":113,"column":60}},"52":{"start":{"line":113,"column":32},"end":{"line":113,"column":60}},"53":{"start":{"line":116,"column":8},"end":{"line":128,"column":9}},"54":{"start":{"line":117,"column":27},"end":{"line":119,"column":13}},"55":{"start":{"line":121,"column":12},"end":{"line":121,"column":41}},"56":{"start":{"line":123,"column":12},"end":{"line":123,"column":30}},"57":{"start":{"line":124,"column":12},"end":{"line":126,"column":13}},"58":{"start":{"line":125,"column":16},"end":{"line":125,"column":37}},"59":{"start":{"line":127,"column":12},"end":{"line":127,"column":22}},"60":{"start":{"line":133,"column":0},"end":{"line":138,"column":2}},"61":{"start":{"line":134,"column":4},"end":{"line":137,"column":7}},"62":{"start":{"line":141,"column":0},"end":{"line":160,"column":2}},"63":{"start":{"line":142,"column":67},"end":{"line":142,"column":75}},"64":{"start":{"line":144,"column":20},"end":{"line":150,"column":6}},"65":{"start":{"line":152,"column":4},"end":{"line":159,"column":5}},"66":{"start":{"line":153,"column":8},"end":{"line":153,"column":29}},"67":{"start":{"line":154,"column":8},"end":{"line":154,"column":28}},"68":{"start":{"line":156,"column":22},"end":{"line":156,"column":36}},"69":{"start":{"line":157,"column":8},"end":{"line":157,"column":35}},"70":{"start":{"line":158,"column":8},"end":{"line":158,"column":20}},"71":{"start":{"line":163,"column":0},"end":{"line":173,"column":2}},"72":{"start":{"line":164,"column":23},"end":{"line":166,"column":5}},"73":{"start":{"line":168,"column":4},"end":{"line":172,"column":7}},"74":{"start":{"line":176,"column":0},"end":{"line":219,"column":2}},"75":{"start":{"line":177,"column":17},"end":{"line":177,"column":31}},"76":{"start":{"line":179,"column":4},"end":{"line":218,"column":5}},"77":{"start":{"line":180,"column":53},"end":{"line":180,"column":61}},"78":{"start":{"line":181,"column":26},"end":{"line":185,"column":9}},"79":{"start":{"line":186,"column":8},"end":{"line":186,"column":51}},"80":{"start":{"line":187,"column":8},"end":{"line":187,"column":33}},"81":{"start":{"line":188,"column":11},"end":{"line":218,"column":5}},"82":{"start":{"line":195,"column":12},"end":{"line":195,"column":20}},"83":{"start":{"line":197,"column":26},"end":{"line":203,"column":9}},"84":{"start":{"line":205,"column":8},"end":{"line":205,"column":51}},"85":{"start":{"line":206,"column":8},"end":{"line":206,"column":33}},"86":{"start":{"line":207,"column":11},"end":{"line":218,"column":5}},"87":{"start":{"line":208,"column":50},"end":{"line":208,"column":58}},"88":{"start":{"line":210,"column":26},"end":{"line":214,"column":9}},"89":{"start":{"line":216,"column":8},"end":{"line":216,"column":51}},"90":{"start":{"line":217,"column":8},"end":{"line":217,"column":33}},"91":{"start":{"line":221,"column":0},"end":{"line":225,"column":2}},"92":{"start":{"line":222,"column":4},"end":{"line":222,"column":60}},"93":{"start":{"line":222,"column":33},"end":{"line":222,"column":58}},"94":{"start":{"line":224,"column":4},"end":{"line":224,"column":20}}},"fnMap":{"0":{"name":"(anonymous_0)","decl":{"start":{"line":8,"column":27},"end":{"line":8,"column":28}},"loc":{"start":{"line":8,"column":47},"end":{"line":13,"column":1}},"line":8},"1":{"name":"(anonymous_1)","decl":{"start":{"line":16,"column":22},"end":{"line":16,"column":23}},"loc":{"start":{"line":16,"column":42},"end":{"line":21,"column":1}},"line":16},"2":{"name":"(anonymous_2)","decl":{"start":{"line":24,"column":23},"end":{"line":24,"column":24}},"loc":{"start":{"line":24,"column":49},"end":{"line":47,"column":1}},"line":24},"3":{"name":"(anonymous_3)","decl":{"start":{"line":50,"column":27},"end":{"line":50,"column":28}},"loc":{"start":{"line":50,"column":53},"end":{"line":63,"column":1}},"line":50},"4":{"name":"(anonymous_4)","decl":{"start":{"line":66,"column":29},"end":{"line":66,"column":30}},"loc":{"start":{"line":66,"column":55},"end":{"line":88,"column":1}},"line":66},"5":{"name":"(anonymous_5)","decl":{"start":{"line":91,"column":26},"end":{"line":91,"column":27}},"loc":{"start":{"line":91,"column":46},"end":{"line":96,"column":1}},"line":91},"6":{"name":"(anonymous_6)","decl":{"start":{"line":99,"column":20},"end":{"line":99,"column":21}},"loc":{"start":{"line":99,"column":46},"end":{"line":130,"column":1}},"line":99},"7":{"name":"(anonymous_7)","decl":{"start":{"line":133,"column":21},"end":{"line":133,"column":22}},"loc":{"start":{"line":133,"column":41},"end":{"line":138,"column":1}},"line":133},"8":{"name":"(anonymous_8)","decl":{"start":{"line":141,"column":22},"end":{"line":141,"column":23}},"loc":{"start":{"line":141,"column":48},"end":{"line":160,"column":1}},"line":141},"9":{"name":"(anonymous_9)","decl":{"start":{"line":163,"column":24},"end":{"line":163,"column":25}},"loc":{"start":{"line":163,"column":50},"end":{"line":173,"column":1}},"line":163},"10":{"name":"(anonymous_10)","decl":{"start":{"line":176,"column":25},"end":{"line":176,"column":26}},"loc":{"start":{"line":176,"column":51},"end":{"line":219,"column":1}},"line":176},"11":{"name":"(anonymous_11)","decl":{"start":{"line":221,"column":20},"end":{"line":221,"column":21}},"loc":{"start":{"line":221,"column":36},"end":{"line":225,"column":1}},"line":221},"12":{"name":"(anonymous_12)","decl":{"start":{"line":222,"column":22},"end":{"line":222,"column":23}},"loc":{"start":{"line":222,"column":33},"end":{"line":222,"column":58}},"line":222}},"branchMap":{"0":{"loc":{"start":{"line":73,"column":8},"end":{"line":75,"column":9}},"type":"if","locations":[{"start":{"line":73,"column":8},"end":{"line":75,"column":9}},{"start":{"line":73,"column":8},"end":{"line":75,"column":9}}],"line":73},"1":{"loc":{"start":{"line":83,"column":8},"end":{"line":85,"column":9}},"type":"if","locations":[{"start":{"line":83,"column":8},"end":{"line":85,"column":9}},{"start":{"line":83,"column":8},"end":{"line":85,"column":9}}],"line":83},"2":{"loc":{"start":{"line":102,"column":4},"end":{"line":129,"column":5}},"type":"if","locations":[{"start":{"line":102,"column":4},"end":{"line":129,"column":5}},{"start":{"line":102,"column":4},"end":{"line":129,"column":5}}],"line":102},"3":{"loc":{"start":{"line":113,"column":12},"end":{"line":113,"column":60}},"type":"if","locations":[{"start":{"line":113,"column":12},"end":{"line":113,"column":60}},{"start":{"line":113,"column":12},"end":{"line":113,"column":60}}],"line":113},"4":{"loc":{"start":{"line":124,"column":12},"end":{"line":126,"column":13}},"type":"if","locations":[{"start":{"line":124,"column":12},"end":{"line":126,"column":13}},{"start":{"line":124,"column":12},"end":{"line":126,"column":13}}],"line":124},"5":{"loc":{"start":{"line":179,"column":4},"end":{"line":218,"column":5}},"type":"if","locations":[{"start":{"line":179,"column":4},"end":{"line":218,"column":5}},{"start":{"line":179,"column":4},"end":{"line":218,"column":5}}],"line":179},"6":{"loc":{"start":{"line":188,"column":11},"end":{"line":218,"column":5}},"type":"if","locations":[{"start":{"line":188,"column":11},"end":{"line":218,"column":5}},{"start":{"line":188,"column":11},"end":{"line":218,"column":5}}],"line":188},"7":{"loc":{"start":{"line":207,"column":11},"end":{"line":218,"column":5}},"type":"if","locations":[{"start":{"line":207,"column":11},"end":{"line":218,"column":5}},{"start":{"line":207,"column":11},"end":{"line":218,"column":5}}],"line":207}},"s":{"0":1,"1":1,"2":1,"3":1,"4":1,"5":0,"6":1,"7":0,"8":1,"9":0,"10":0,"11":0,"12":0,"13":0,"14":0,"15":0,"16":0,"17":0,"18":0,"19":0,"20":1,"21":0,"22":0,"23":0,"24":0,"25":0,"26":0,"27":1,"28":0,"29":0,"30":0,"31":0,"32":0,"33":0,"34":0,"35":0,"36":0,"37":0,"38":0,"39":0,"40":0,"41":1,"42":0,"43":1,"44":0,"45":0,"46":0,"47":0,"48":0,"49":0,"50":0,"51":0,"52":0,"53":0,"54":0,"55":0,"56":0,"57":0,"58":0,"59":0,"60":1,"61":0,"62":1,"63":0,"64":0,"65":0,"66":0,"67":0,"68":0,"69":0,"70":0,"71":1,"72":0,"73":0,"74":1,"75":0,"76":0,"77":0,"78":0,"79":0,"80":0,"81":0,"82":0,"83":0,"84":0,"85":0,"86":0,"87":0,"88":0,"89":0,"90":0,"91":1,"92":1,"93":1,"94":1},"f":{"0":0,"1":0,"2":0,"3":0,"4":0,"5":0,"6":0,"7":0,"8":0,"9":0,"10":0,"11":1,"12":1},"b":{"0":[0,0],"1":[0,0],"2":[0,0],"3":[0,0],"4":[0,0],"5":[0,0],"6":[0,0],"7":[0,0]},"_coverageSchema":"1a1c01bbd47fc00a2c39e90264f33305004495a9","hash":"b4f4a54cc7b08fc9e786b4c36008500b18ece387"}
,"C:\\Users\\mtapi\\Miguel\\University\\Cairn University\\Y4 - Senior\\1 - Spring\\Software Engineering\\Main Project\\models\\article.js": {"path":"C:\\Users\\mtapi\\Miguel\\University\\Cairn University\\Y4 - Senior\\1 - Spring\\Software Engineering\\Main Project\\models\\article.js","statementMap":{"0":{"start":{"line":1,"column":17},"end":{"line":1,"column":36}},"1":{"start":{"line":3,"column":15},"end":{"line":3,"column":30}},"2":{"start":{"line":6,"column":22},"end":{"line":28,"column":2}},"3":{"start":{"line":30,"column":0},"end":{"line":30,"column":58}}},"fnMap":{},"branchMap":{},"s":{"0":1,"1":1,"2":1,"3":1},"f":{},"b":{},"_coverageSchema":"1a1c01bbd47fc00a2c39e90264f33305004495a9","hash":"493fd0fe0d0ff50b2c7a81571846ccbd64e3c091"}
,"C:\\Users\\mtapi\\Miguel\\University\\Cairn University\\Y4 - Senior\\1 - Spring\\Software Engineering\\Main Project\\models\\config.js": {"path":"C:\\Users\\mtapi\\Miguel\\University\\Cairn University\\Y4 - Senior\\1 - Spring\\Software Engineering\\Main Project\\models\\config.js","statementMap":{"0":{"start":{"line":1,"column":17},"end":{"line":1,"column":36}},"1":{"start":{"line":3,"column":15},"end":{"line":3,"column":30}},"2":{"start":{"line":5,"column":21},"end":{"line":36,"column":2}},"3":{"start":{"line":38,"column":0},"end":{"line":92,"column":2}},"4":{"start":{"line":39,"column":22},"end":{"line":39,"column":69}},"5":{"start":{"line":41,"column":1},"end":{"line":91,"column":2}},"6":{"start":{"line":43,"column":3},"end":{"line":43,"column":60}},"7":{"start":{"line":44,"column":3},"end":{"line":44,"column":56}},"8":{"start":{"line":45,"column":3},"end":{"line":45,"column":60}},"9":{"start":{"line":47,"column":3},"end":{"line":47,"column":32}},"10":{"start":{"line":49,"column":3},"end":{"line":77,"column":4}},"11":{"start":{"line":50,"column":25},"end":{"line":54,"column":5}},"12":{"start":{"line":52,"column":6},"end":{"line":52,"column":59}},"13":{"start":{"line":56,"column":4},"end":{"line":56,"column":59}},"14":{"start":{"line":58,"column":4},"end":{"line":58,"column":33}},"15":{"start":{"line":59,"column":10},"end":{"line":77,"column":4}},"16":{"start":{"line":60,"column":30},"end":{"line":64,"column":5}},"17":{"start":{"line":62,"column":6},"end":{"line":62,"column":60}},"18":{"start":{"line":66,"column":4},"end":{"line":68,"column":31}},"19":{"start":{"line":69,"column":4},"end":{"line":71,"column":37}},"20":{"start":{"line":72,"column":4},"end":{"line":74,"column":33}},"21":{"start":{"line":76,"column":4},"end":{"line":76,"column":33}},"22":{"start":{"line":79,"column":28},"end":{"line":86,"column":4}},"23":{"start":{"line":88,"column":3},"end":{"line":88,"column":62}},"24":{"start":{"line":90,"column":3},"end":{"line":90,"column":32}},"25":{"start":{"line":94,"column":0},"end":{"line":94,"column":56}}},"fnMap":{"0":{"name":"(anonymous_0)","decl":{"start":{"line":38,"column":36},"end":{"line":38,"column":37}},"loc":{"start":{"line":38,"column":65},"end":{"line":92,"column":1}},"line":38},"1":{"name":"(anonymous_1)","decl":{"start":{"line":51,"column":5},"end":{"line":51,"column":6}},"loc":{"start":{"line":51,"column":13},"end":{"line":53,"column":6}},"line":51},"2":{"name":"(anonymous_2)","decl":{"start":{"line":61,"column":5},"end":{"line":61,"column":6}},"loc":{"start":{"line":61,"column":14},"end":{"line":63,"column":6}},"line":61}},"branchMap":{"0":{"loc":{"start":{"line":41,"column":1},"end":{"line":91,"column":2}},"type":"switch","locations":[{"start":{"line":42,"column":2},"end":{"line":47,"column":32}},{"start":{"line":48,"column":2},"end":{"line":77,"column":4}},{"start":{"line":78,"column":2},"end":{"line":90,"column":32}}],"line":41},"1":{"loc":{"start":{"line":49,"column":3},"end":{"line":77,"column":4}},"type":"if","locations":[{"start":{"line":49,"column":3},"end":{"line":77,"column":4}},{"start":{"line":49,"column":3},"end":{"line":77,"column":4}}],"line":49},"2":{"loc":{"start":{"line":59,"column":10},"end":{"line":77,"column":4}},"type":"if","locations":[{"start":{"line":59,"column":10},"end":{"line":77,"column":4}},{"start":{"line":59,"column":10},"end":{"line":77,"column":4}}],"line":59}},"s":{"0":1,"1":1,"2":1,"3":1,"4":0,"5":0,"6":0,"7":0,"8":0,"9":0,"10":0,"11":0,"12":0,"13":0,"14":0,"15":0,"16":0,"17":0,"18":0,"19":0,"20":0,"21":0,"22":0,"23":0,"24":0,"25":1},"f":{"0":0,"1":0,"2":0},"b":{"0":[0,0,0],"1":[0,0],"2":[0,0]},"_coverageSchema":"1a1c01bbd47fc00a2c39e90264f33305004495a9","hash":"ae38b9f0fcd1afa21edb5fe5ed350b5eaa7d4d58"}
,"C:\\Users\\mtapi\\Miguel\\University\\Cairn University\\Y4 - Senior\\1 - Spring\\Software Engineering\\Main Project\\models\\event.js": {"path":"C:\\Users\\mtapi\\Miguel\\University\\Cairn University\\Y4 - Senior\\1 - Spring\\Software Engineering\\Main Project\\models\\event.js","statementMap":{"0":{"start":{"line":1,"column":17},"end":{"line":1,"column":36}},"1":{"start":{"line":3,"column":15},"end":{"line":3,"column":30}},"2":{"start":{"line":6,"column":20},"end":{"line":33,"column":2}},"3":{"start":{"line":35,"column":0},"end":{"line":35,"column":54}}},"fnMap":{},"branchMap":{},"s":{"0":1,"1":1,"2":1,"3":1},"f":{},"b":{},"_coverageSchema":"1a1c01bbd47fc00a2c39e90264f33305004495a9","hash":"56bbba22bd6a9ab9cd592841af291422467795b3"}
,"C:\\Users\\mtapi\\Miguel\\University\\Cairn University\\Y4 - Senior\\1 - Spring\\Software Engineering\\Main Project\\models\\user.js": {"path":"C:\\Users\\mtapi\\Miguel\\University\\Cairn University\\Y4 - Senior\\1 - Spring\\Software Engineering\\Main Project\\models\\user.js","statementMap":{"0":{"start":{"line":1,"column":17},"end":{"line":1,"column":36}},"1":{"start":{"line":3,"column":15},"end":{"line":3,"column":30}},"2":{"start":{"line":6,"column":19},"end":{"line":124,"column":2}},"3":{"start":{"line":126,"column":0},"end":{"line":150,"column":2}},"4":{"start":{"line":128,"column":27},"end":{"line":133,"column":3}},"5":{"start":{"line":129,"column":2},"end":{"line":132,"column":4}},"6":{"start":{"line":135,"column":1},"end":{"line":138,"column":2}},"7":{"start":{"line":137,"column":2},"end":{"line":137,"column":21}},"8":{"start":{"line":140,"column":31},"end":{"line":146,"column":2}},"9":{"start":{"line":148,"column":1},"end":{"line":148,"column":51}},"10":{"start":{"line":149,"column":1},"end":{"line":149,"column":20}},"11":{"start":{"line":152,"column":0},"end":{"line":159,"column":2}},"12":{"start":{"line":153,"column":27},"end":{"line":155,"column":3}},"13":{"start":{"line":154,"column":2},"end":{"line":154,"column":71}},"14":{"start":{"line":157,"column":1},"end":{"line":157,"column":47}},"15":{"start":{"line":158,"column":1},"end":{"line":158,"column":20}},"16":{"start":{"line":161,"column":0},"end":{"line":203,"column":2}},"17":{"start":{"line":164,"column":28},"end":{"line":166,"column":3}},"18":{"start":{"line":165,"column":2},"end":{"line":165,"column":71}},"19":{"start":{"line":168,"column":25},"end":{"line":173,"column":3}},"20":{"start":{"line":169,"column":2},"end":{"line":172,"column":4}},"21":{"start":{"line":175,"column":1},"end":{"line":202,"column":2}},"22":{"start":{"line":177,"column":37},"end":{"line":184,"column":3}},"23":{"start":{"line":179,"column":4},"end":{"line":182,"column":6}},"24":{"start":{"line":186,"column":2},"end":{"line":186,"column":57}},"25":{"start":{"line":187,"column":2},"end":{"line":190,"column":4}},"26":{"start":{"line":192,"column":28},"end":{"line":192,"column":61}},"27":{"start":{"line":195,"column":2},"end":{"line":199,"column":4}},"28":{"start":{"line":201,"column":2},"end":{"line":201,"column":21}},"29":{"start":{"line":206,"column":0},"end":{"line":224,"column":2}},"30":{"start":{"line":213,"column":14},"end":{"line":213,"column":56}},"31":{"start":{"line":215,"column":1},"end":{"line":221,"column":3}},"32":{"start":{"line":223,"column":1},"end":{"line":223,"column":20}},"33":{"start":{"line":226,"column":0},"end":{"line":226,"column":52}}},"fnMap":{"0":{"name":"(anonymous_0)","decl":{"start":{"line":126,"column":42},"end":{"line":126,"column":43}},"loc":{"start":{"line":126,"column":70},"end":{"line":150,"column":1}},"line":126},"1":{"name":"(anonymous_1)","decl":{"start":{"line":128,"column":58},"end":{"line":128,"column":59}},"loc":{"start":{"line":128,"column":72},"end":{"line":133,"column":2}},"line":128},"2":{"name":"(anonymous_2)","decl":{"start":{"line":152,"column":45},"end":{"line":152,"column":46}},"loc":{"start":{"line":152,"column":68},"end":{"line":159,"column":1}},"line":152},"3":{"name":"(anonymous_3)","decl":{"start":{"line":153,"column":60},"end":{"line":153,"column":61}},"loc":{"start":{"line":153,"column":74},"end":{"line":155,"column":2}},"line":153},"4":{"name":"(anonymous_4)","decl":{"start":{"line":161,"column":35},"end":{"line":161,"column":36}},"loc":{"start":{"line":161,"column":64},"end":{"line":203,"column":1}},"line":161},"5":{"name":"(anonymous_5)","decl":{"start":{"line":164,"column":61},"end":{"line":164,"column":62}},"loc":{"start":{"line":164,"column":75},"end":{"line":166,"column":2}},"line":164},"6":{"name":"(anonymous_6)","decl":{"start":{"line":168,"column":48},"end":{"line":168,"column":49}},"loc":{"start":{"line":168,"column":62},"end":{"line":173,"column":2}},"line":168},"7":{"name":"(anonymous_7)","decl":{"start":{"line":178,"column":3},"end":{"line":178,"column":4}},"loc":{"start":{"line":178,"column":17},"end":{"line":183,"column":4}},"line":178},"8":{"name":"(anonymous_8)","decl":{"start":{"line":206,"column":46},"end":{"line":206,"column":47}},"loc":{"start":{"line":210,"column":2},"end":{"line":224,"column":1}},"line":210}},"branchMap":{"0":{"loc":{"start":{"line":135,"column":1},"end":{"line":138,"column":2}},"type":"if","locations":[{"start":{"line":135,"column":1},"end":{"line":138,"column":2}},{"start":{"line":135,"column":1},"end":{"line":138,"column":2}}],"line":135},"1":{"loc":{"start":{"line":175,"column":1},"end":{"line":202,"column":2}},"type":"if","locations":[{"start":{"line":175,"column":1},"end":{"line":202,"column":2}},{"start":{"line":175,"column":1},"end":{"line":202,"column":2}}],"line":175}},"s":{"0":1,"1":1,"2":1,"3":1,"4":0,"5":0,"6":0,"7":0,"8":0,"9":0,"10":0,"11":1,"12":0,"13":0,"14":0,"15":0,"16":1,"17":0,"18":0,"19":0,"20":0,"21":0,"22":0,"23":0,"24":0,"25":0,"26":0,"27":0,"28":0,"29":1,"30":0,"31":0,"32":0,"33":1},"f":{"0":0,"1":0,"2":0,"3":0,"4":0,"5":0,"6":0,"7":0,"8":0},"b":{"0":[0,0],"1":[0,0]},"_coverageSchema":"1a1c01bbd47fc00a2c39e90264f33305004495a9","hash":"ef910e04eae8e7e766e82678e29177b4240e9aa5"}
}
