TN:
SF:controllers\admin.js
FN:8,(anonymous_0)
FN:16,(anonymous_1)
FN:24,(anonymous_2)
FN:50,(anonymous_3)
FN:66,(anonymous_4)
FN:91,(anonymous_5)
FN:99,(anonymous_6)
FN:133,(anonymous_7)
FN:141,(anonymous_8)
FN:163,(anonymous_9)
FN:176,(anonymous_10)
FN:221,(anonymous_11)
FN:222,(anonymous_12)
FNF:13
FNH:2
FNDA:0,(anonymous_0)
FNDA:0,(anonymous_1)
FNDA:0,(anonymous_2)
FNDA:0,(anonymous_3)
FNDA:0,(anonymous_4)
FNDA:0,(anonymous_5)
FNDA:0,(anonymous_6)
FNDA:0,(anonymous_7)
FNDA:0,(anonymous_8)
FNDA:0,(anonymous_9)
FNDA:0,(anonymous_10)
FNDA:1,(anonymous_11)
FNDA:1,(anonymous_12)
DA:2,1
DA:3,1
DA:4,1
DA:5,1
DA:8,1
DA:9,0
DA:16,1
DA:17,0
DA:24,1
DA:25,0
DA:26,0
DA:27,0
DA:28,0
DA:30,0
DA:39,0
DA:40,0
DA:41,0
DA:43,0
DA:44,0
DA:45,0
DA:50,1
DA:51,0
DA:52,0
DA:53,0
DA:59,0
DA:60,0
DA:61,0
DA:66,1
DA:67,0
DA:68,0
DA:70,0
DA:71,0
DA:73,0
DA:74,0
DA:77,0
DA:78,0
DA:80,0
DA:82,0
DA:83,0
DA:84,0
DA:86,0
DA:91,1
DA:92,0
DA:99,1
DA:100,0
DA:102,0
DA:103,0
DA:104,0
DA:108,0
DA:110,0
DA:112,0
DA:113,0
DA:116,0
DA:117,0
DA:121,0
DA:123,0
DA:124,0
DA:125,0
DA:127,0
DA:133,1
DA:134,0
DA:141,1
DA:142,0
DA:144,0
DA:152,0
DA:153,0
DA:154,0
DA:156,0
DA:157,0
DA:158,0
DA:163,1
DA:164,0
DA:168,0
DA:176,1
DA:177,0
DA:179,0
DA:180,0
DA:181,0
DA:186,0
DA:187,0
DA:188,0
DA:195,0
DA:197,0
DA:205,0
DA:206,0
DA:207,0
DA:208,0
DA:210,0
DA:216,0
DA:217,0
DA:221,1
DA:222,1
DA:224,1
LF:93
LH:18
BRDA:73,0,0,0
BRDA:73,0,1,0
BRDA:83,1,0,0
BRDA:83,1,1,0
BRDA:102,2,0,0
BRDA:102,2,1,0
BRDA:113,3,0,0
BRDA:113,3,1,0
BRDA:124,4,0,0
BRDA:124,4,1,0
BRDA:179,5,0,0
BRDA:179,5,1,0
BRDA:188,6,0,0
BRDA:188,6,1,0
BRDA:207,7,0,0
BRDA:207,7,1,0
BRF:16
BRH:0
end_of_record
TN:
SF:models\article.js
FNF:0
FNH:0
DA:1,1
DA:3,1
DA:6,1
DA:30,1
LF:4
LH:4
BRF:0
BRH:0
end_of_record
TN:
SF:models\config.js
FN:38,(anonymous_0)
FN:51,(anonymous_1)
FN:61,(anonymous_2)
FNF:3
FNH:0
FNDA:0,(anonymous_0)
FNDA:0,(anonymous_1)
FNDA:0,(anonymous_2)
DA:1,1
DA:3,1
DA:5,1
DA:38,1
DA:39,0
DA:41,0
DA:43,0
DA:44,0
DA:45,0
DA:47,0
DA:49,0
DA:50,0
DA:52,0
DA:56,0
DA:58,0
DA:59,0
DA:60,0
DA:62,0
DA:66,0
DA:69,0
DA:72,0
DA:76,0
DA:79,0
DA:88,0
DA:90,0
DA:94,1
LF:26
LH:5
BRDA:41,0,0,0
BRDA:41,0,1,0
BRDA:41,0,2,0
BRDA:49,1,0,0
BRDA:49,1,1,0
BRDA:59,2,0,0
BRDA:59,2,1,0
BRF:7
BRH:0
end_of_record
TN:
SF:models\event.js
FNF:0
FNH:0
DA:1,1
DA:3,1
DA:6,1
DA:35,1
LF:4
LH:4
BRF:0
BRH:0
end_of_record
TN:
SF:models\user.js
FN:126,(anonymous_0)
FN:128,(anonymous_1)
FN:152,(anonymous_2)
FN:153,(anonymous_3)
FN:161,(anonymous_4)
FN:164,(anonymous_5)
FN:168,(anonymous_6)
FN:178,(anonymous_7)
FN:206,(anonymous_8)
FNF:9
FNH:0
FNDA:0,(anonymous_0)
FNDA:0,(anonymous_1)
FNDA:0,(anonymous_2)
FNDA:0,(anonymous_3)
FNDA:0,(anonymous_4)
FNDA:0,(anonymous_5)
FNDA:0,(anonymous_6)
FNDA:0,(anonymous_7)
FNDA:0,(anonymous_8)
DA:1,1
DA:3,1
DA:6,1
DA:126,1
DA:128,0
DA:129,0
DA:135,0
DA:137,0
DA:140,0
DA:148,0
DA:149,0
DA:152,1
DA:153,0
DA:154,0
DA:157,0
DA:158,0
DA:161,1
DA:164,0
DA:165,0
DA:168,0
DA:169,0
DA:175,0
DA:177,0
DA:179,0
DA:186,0
DA:187,0
DA:192,0
DA:195,0
DA:201,0
DA:206,1
DA:213,0
DA:215,0
DA:223,0
DA:226,1
LF:34
LH:8
BRDA:135,0,0,0
BRDA:135,0,1,0
BRDA:175,1,0,0
BRDA:175,1,1,0
BRF:4
BRH:0
end_of_record
